-- -*- M2-comint -*- hash: 169458817

i1 : lexBetti (4, {1,2,3,3,3,3})

            0 1 2 3
o1 = total: 1 3 3 1
         0: 1 2 1 .
         1: . . . .
         2: . 1 2 1

o1 : BettiTally

i2 : lexBetti (4, {1,2,3,3,3,3,0})

            0 1  2  3 4
o2 = total: 1 6 12 10 3
         0: 1 2  1  . .
         1: . .  .  . .
         2: . 1  2  1 .
         3: . .  .  . .
         4: . .  .  . .
         5: . 3  9  9 3

o2 : BettiTally

i3 : lexBetti (5, {1,5,15,35})

            0
o3 = total: 1
         0: 1

o3 : BettiTally

i4 : 
